c:\users\reusu\desktop\ゲーム作品\ゲーム作品\debug\vc142.pdb
c:\users\reusu\desktop\ゲーム作品\ゲーム作品\debug\vc142.idb
c:\users\reusu\desktop\ゲーム作品\ゲーム作品\debug\item.obj
c:\users\reusu\desktop\ゲーム作品\ゲーム作品\debug\carenemy.obj
c:\users\reusu\desktop\ゲーム作品\ゲーム作品\debug\stage2.obj
c:\users\reusu\desktop\ゲーム作品\ゲーム作品\debug\stage1.obj
c:\users\reusu\desktop\ゲーム作品\ゲーム作品\debug\player.obj
c:\users\reusu\desktop\ゲーム作品\ゲーム作品\debug\audio.obj
c:\users\reusu\desktop\ゲーム作品\ゲーム作品\debug\stageselct.obj
c:\users\reusu\desktop\ゲーム作品\ゲーム作品\debug\failenemy.obj
c:\users\reusu\desktop\ゲーム作品\ゲーム作品\debug\explosion.obj
c:\users\reusu\desktop\ゲーム作品\ゲーム作品\debug\explanationbg.obj
c:\users\reusu\desktop\ゲーム作品\ゲーム作品\debug\explanation.obj
c:\users\reusu\desktop\ゲーム作品\ゲーム作品\debug\enemygoalui.obj
c:\users\reusu\desktop\ゲーム作品\ゲーム作品\debug\enemycountui.obj
c:\users\reusu\desktop\ゲーム作品\ゲーム作品\debug\enemy.obj
c:\users\reusu\desktop\ゲーム作品\ゲーム作品\debug\dokan.obj
c:\users\reusu\desktop\ゲーム作品\ゲーム作品\debug\dirt.obj
c:\users\reusu\desktop\ゲーム作品\ゲーム作品\debug\dashui.obj
c:\users\reusu\desktop\ゲーム作品\ゲーム作品\debug\dasheffect.obj
c:\users\reusu\desktop\ゲーム作品\ゲーム作品\debug\dashboard.obj
c:\users\reusu\desktop\ゲーム作品\ゲーム作品\debug\checkpoint.obj
c:\users\reusu\desktop\ゲーム作品\ゲーム作品\debug\chargedash.obj
c:\users\reusu\desktop\ゲーム作品\ゲーム作品\debug\chageui.obj
c:\users\reusu\desktop\ゲーム作品\ゲーム作品\debug\camera.obj
c:\users\reusu\desktop\ゲーム作品\ゲーム作品\debug\blockenemy.obj
c:\users\reusu\desktop\ゲーム作品\ゲーム作品\debug\banana.obj
c:\users\reusu\desktop\ゲーム作品\ゲーム作品\debug\result.obj
c:\users\reusu\desktop\ゲーム作品\ゲーム作品\debug\renderer.obj
c:\users\reusu\desktop\ゲーム作品\ゲーム作品\debug\model.obj
c:\users\reusu\desktop\ゲーム作品\ゲーム作品\debug\meterui.obj
c:\users\reusu\desktop\ゲーム作品\ゲーム作品\debug\manager.obj
c:\users\reusu\desktop\ゲーム作品\ゲーム作品\debug\main.obj
c:\users\reusu\desktop\ゲーム作品\ゲーム作品\debug\koura.obj
c:\users\reusu\desktop\ゲーム作品\ゲーム作品\debug\jumpdai.obj
c:\users\reusu\desktop\ゲーム作品\ゲーム作品\debug\itemui.obj
c:\users\reusu\desktop\ゲーム作品\ゲーム作品\debug\itemstage1.obj
c:\users\reusu\desktop\ゲーム作品\ゲーム作品\debug\itemframeui.obj
c:\users\reusu\desktop\ゲーム作品\ゲーム作品\debug\input.obj
c:\users\reusu\desktop\ゲーム作品\ゲーム作品\debug\goalui.obj
c:\users\reusu\desktop\ゲーム作品\ゲーム作品\debug\goallinestage2.obj
c:\users\reusu\desktop\ゲーム作品\ゲーム作品\debug\goallinestage1.obj
c:\users\reusu\desktop\ゲーム作品\ゲーム作品\debug\goalcountui.obj
c:\users\reusu\desktop\ゲーム作品\ゲーム作品\debug\goalboard.obj
c:\users\reusu\desktop\ゲーム作品\ゲーム作品\debug\gameovercursor.obj
c:\users\reusu\desktop\ゲーム作品\ゲーム作品\debug\tateblockobb.obj
c:\users\reusu\desktop\ゲーム作品\ゲーム作品\debug\tateblock.obj
c:\users\reusu\desktop\ゲーム作品\ゲーム作品\debug\starttime.obj
c:\users\reusu\desktop\ゲーム作品\ゲーム作品\debug\stageselctbg.obj
c:\users\reusu\desktop\ゲーム作品\ゲーム作品\debug\stage2gameoverbg.obj
c:\users\reusu\desktop\ゲーム作品\ゲーム作品\debug\stage2gameover.obj
c:\users\reusu\desktop\ゲーム作品\ゲーム作品\debug\stage2field.obj
c:\users\reusu\desktop\ゲーム作品\ゲーム作品\debug\stage1gameoverbg.obj
c:\users\reusu\desktop\ゲーム作品\ゲーム作品\debug\stage1gameover.obj
c:\users\reusu\desktop\ゲーム作品\ゲーム作品\debug\stage1field.obj
c:\users\reusu\desktop\ゲーム作品\ゲーム作品\debug\speedmeterui.obj
c:\users\reusu\desktop\ゲーム作品\ゲーム作品\debug\sky.obj
c:\users\reusu\desktop\ゲーム作品\ゲーム作品\debug\selectcursor.obj
c:\users\reusu\desktop\ゲーム作品\ゲーム作品\debug\selectui2.obj
c:\users\reusu\desktop\ゲーム作品\ゲーム作品\debug\selectui.obj
c:\users\reusu\desktop\ゲーム作品\ゲーム作品\debug\resultui.obj
c:\users\reusu\desktop\ゲーム作品\ゲーム作品\debug\resultcursor.obj
c:\users\reusu\desktop\ゲーム作品\ゲーム作品\debug\yokowall.obj
c:\users\reusu\desktop\ゲーム作品\ゲーム作品\debug\yokoblock.obj
c:\users\reusu\desktop\ゲーム作品\ゲーム作品\debug\transitionstageselect.obj
c:\users\reusu\desktop\ゲーム作品\ゲーム作品\debug\transitionstage2.obj
c:\users\reusu\desktop\ゲーム作品\ゲーム作品\debug\transitionstage1.obj
c:\users\reusu\desktop\ゲーム作品\ゲーム作品\debug\transition.obj
c:\users\reusu\desktop\ゲーム作品\ゲーム作品\debug\titlelogo.obj
c:\users\reusu\desktop\ゲーム作品\ゲーム作品\debug\titleframe.obj
c:\users\reusu\desktop\ゲーム作品\ゲーム作品\debug\title.obj
c:\users\reusu\desktop\ゲーム作品\ゲーム作品\debug\timeui.obj
c:\users\reusu\desktop\ゲーム作品\ゲーム作品\debug\timecountui.obj
c:\users\reusu\desktop\ゲーム作品\ゲーム作品\debug\thunderui.obj
c:\users\reusu\desktop\ゲーム作品\ゲーム作品\debug\thunder.obj
c:\users\reusu\desktop\ゲーム作品\ゲーム作品\debug\tatewall.obj
c:\users\reusu\desktop\ゲーム作品\ゲーム作品\normalmappingps.cso
c:\users\reusu\desktop\ゲーム作品\ゲーム作品\normalmappingvs.cso
c:\users\reusu\desktop\ゲーム作品\ゲーム作品\unlittextureps.cso
c:\users\reusu\desktop\ゲーム作品\ゲーム作品\unlittexturevs.cso
c:\users\reusu\desktop\ゲーム作品\ゲーム作品\vertexlightingps.cso
c:\users\reusu\desktop\ゲーム作品\ゲーム作品\vertexlightingvs.cso
c:\users\reusu\desktop\ゲーム作品\ゲーム作品\dx11_game.exe
c:\users\reusu\desktop\ゲーム作品\ゲーム作品\dx11_game.ilk
c:\users\reusu\desktop\ゲーム作品\ゲーム作品\dx11_game.pdb
c:\users\reusu\desktop\ゲーム作品\ゲーム作品\debug\dx11_game.tlog\cl.command.1.tlog
c:\users\reusu\desktop\ゲーム作品\ゲーム作品\debug\dx11_game.tlog\cl.read.1.tlog
c:\users\reusu\desktop\ゲーム作品\ゲーム作品\debug\dx11_game.tlog\cl.write.1.tlog
c:\users\reusu\desktop\ゲーム作品\ゲーム作品\debug\dx11_game.tlog\fxc.command.1.tlog
c:\users\reusu\desktop\ゲーム作品\ゲーム作品\debug\dx11_game.tlog\fxc.read.1.tlog
c:\users\reusu\desktop\ゲーム作品\ゲーム作品\debug\dx11_game.tlog\fxc.write.1.tlog
c:\users\reusu\desktop\ゲーム作品\ゲーム作品\debug\dx11_game.tlog\link.command.1.tlog
c:\users\reusu\desktop\ゲーム作品\ゲーム作品\debug\dx11_game.tlog\link.read.1.tlog
c:\users\reusu\desktop\ゲーム作品\ゲーム作品\debug\dx11_game.tlog\link.write.1.tlog
